#
# There is insufficient memory for the Java Runtime Environment to continue.
# Native memory allocation (mmap) failed to map 257949696 bytes for G1 virtual space
# Possible reasons:
#   The system is out of physical RAM or swap space
#   The process is running with CompressedOops enabled, and the Java Heap may be blocking the growth of the native heap
# Possible solutions:
#   Reduce memory load on the system
#   Increase physical memory or swap space
#   Check if swap backing store is full
#   Decrease Java heap size (-Xmx/-Xms)
#   Decrease number of Java threads
#   Decrease Java thread stack sizes (-Xss)
#   Set larger code cache with -XX:ReservedCodeCacheSize=
#   JVM is running with Zero Based Compressed Oops mode in which the Java heap is
#     placed in the first 32GB address space. The Java Heap base address is the
#     maximum limit for the native heap growth. Please use -XX:HeapBaseMinAddress
#     to set the Java Heap base and to place the Java Heap above 32GB virtual address.
# This output file may be truncated or incomplete.
#
#  Out of Memory Error (os_windows.cpp:3769), pid=18060, tid=4676
#
# JRE version:  (17.0.6) (build )
# Java VM: OpenJDK 64-Bit Server VM (17.0.6+0-b2043.56-10027231, mixed mode, sharing, tiered, compressed oops, compressed class ptrs, g1 gc, windows-amd64)
# No core dump will be written. Minidumps are not enabled by default on client versions of Windows
#

---------------  S U M M A R Y ------------

Command Line: org.jetbrains.kotlin.cli.jvm.K2JVMCompiler @C:\Users\user\AndroidStudioProjects\plant\app\build\20240521_15737358026918010668.compiler.options

Host: AMD Ryzen 5 5600H with Radeon Graphics         , 12 cores, 15G,  Windows 10 , 64 bit Build 19041 (10.0.19041.3636)
Time: Tue May 21 03:05:06 2024  Windows 10 , 64 bit Build 19041 (10.0.19041.3636) elapsed time: 0.006274 seconds (0d 0h 0m 0s)

---------------  T H R E A D  ---------------

Current thread (0x000002588b671c50):  JavaThread "Unknown thread" [_thread_in_vm, id=4676, stack(0x0000006212f00000,0x0000006213000000)]

Stack: [0x0000006212f00000,0x0000006213000000]
Native frames: (J=compiled Java code, j=interpreted, Vv=VM code, C=native code)
V  [jvm.dll+0x683c9a]
V  [jvm.dll+0x8427a4]
V  [jvm.dll+0x843f9e]
V  [jvm.dll+0x844603]
V  [jvm.dll+0x249b75]
V  [jvm.dll+0x680b69]
V  [jvm.dll+0x67505a]
V  [jvm.dll+0x309acb]
V  [jvm.dll+0x310f86]
V  [jvm.dll+0x3608ee]
V  [jvm.dll+0x360b1f]
V  [jvm.dll+0x2dfbf8]
V  [jvm.dll+0x2e0b64]
V  [jvm.dll+0x814091]
V  [jvm.dll+0x36e6a1]
V  [jvm.dll+0x7f35cc]
V  [jvm.dll+0x3f0e8f]
V  [jvm.dll+0x3f29d1]
C  [jli.dll+0x526b]
C  [ucrtbase.dll+0x21bb2]
C  [KERNEL32.DLL+0x17344]
C  [ntdll.dll+0x526b1]


---------------  P R O C E S S  ---------------

Threads class SMR info:
_java_thread_list=0x00007ffe3db4c058, length=0, elements={
}

Java Threads: ( => current thread )

Other Threads:
  0x000002588b6dc570 GCTaskThread "GC Thread#0" [stack: 0x0000006213000000,0x0000006213100000] [id=18024]
  0x000002588b6eca80 ConcurrentGCThread "G1 Main Marker" [stack: 0x0000006213100000,0x0000006213200000] [id=3948]
  0x000002588b6edc30 ConcurrentGCThread "G1 Conc#0" [stack: 0x0000006213200000,0x0000006213300000] [id=8940]

[error occurred during error reporting (printing all threads), id 0xc0000005, EXCEPTION_ACCESS_VIOLATION (0xc0000005) at pc=0x00007ffe3d300797]

VM state: not at safepoint (not fully initialized)

VM Mutex/Monitor currently owned by a thread:  ([mutex/lock_event])
[0x000002588b66dd40] Heap_lock - owner thread: 0x000002588b671c50

Heap address: 0x000000070a200000, size: 3934 MB, Compressed Oops mode: Zero based, Oop shift amount: 3

CDS archive(s) mapped at: [0x0000000000000000-0x0000000000000000-0x0000000000000000), size 0, SharedBaseAddress: 0x0000000800000000, ArchiveRelocationMode: 0.
Narrow klass base: 0x0000000000000000, Narrow klass shift: 0, Narrow klass range: 0x0

GC Precious Log:
<Empty>

Heap:
 garbage-first heap   total 0K, used 0K [0x000000070a200000, 0x0000000800000000)
  region size 2048K, 0 young (0K), 0 survivors (0K)

[error occurred during error reporting (printing heap information), id 0xc0000005, EXCEPTION_ACCESS_VIOLATION (0xc0000005) at pc=0x00007ffe3d6eda89]

GC Heap History (0 events):
No events

Dll operation events (1 events):
Event: 0.004 Loaded shared library C:\Program Files\Android\Android Studio\jbr\bin\java.dll

Deoptimization events (0 events):
No events

Classes unloaded (0 events):
No events

Classes redefined (0 events):
No events

Internal exceptions (0 events):
No events

VM Operations (0 events):
No events

Events (0 events):
No events


Dynamic libraries:
0x00007ff6d0250000 - 0x00007ff6d025a000 	C:\Program Files\Android\Android Studio\jbr\bin\java.exe
0x00007ffe79ab0000 - 0x00007ffe79ca8000 	C:\WINDOWS\SYSTEM32\ntdll.dll
0x00007ffe78000000 - 0x00007ffe780bd000 	C:\WINDOWS\System32\KERNEL32.DLL
0x00007ffe77620000 - 0x00007ffe77916000 	C:\WINDOWS\System32\KERNELBASE.dll
0x00007ffe773c0000 - 0x00007ffe774c0000 	C:\WINDOWS\System32\ucrtbase.dll
0x00007ffe69a40000 - 0x00007ffe69a57000 	C:\Program Files\Android\Android Studio\jbr\bin\jli.dll
0x00007ffe632f0000 - 0x00007ffe6330b000 	C:\Program Files\Android\Android Studio\jbr\bin\VCRUNTIME140.dll
0x00007ffe79830000 - 0x00007ffe799cf000 	C:\WINDOWS\System32\USER32.dll
0x00007ffe77970000 - 0x00007ffe77992000 	C:\WINDOWS\System32\win32u.dll
0x00007ffe64b30000 - 0x00007ffe64dca000 	C:\WINDOWS\WinSxS\amd64_microsoft.windows.common-controls_6595b64144ccf1df_6.0.19041.3636_none_60b6a03d71f818d5\COMCTL32.dll
0x00007ffe77e40000 - 0x00007ffe77e6b000 	C:\WINDOWS\System32\GDI32.dll
0x00007ffe78e90000 - 0x00007ffe78f2e000 	C:\WINDOWS\System32\msvcrt.dll
0x00007ffe77210000 - 0x00007ffe77327000 	C:\WINDOWS\System32\gdi32full.dll
0x00007ffe77a10000 - 0x00007ffe77aad000 	C:\WINDOWS\System32\msvcp_win.dll
0x00007ffe799d0000 - 0x00007ffe79a02000 	C:\WINDOWS\System32\IMM32.DLL
0x00007ffe66890000 - 0x00007ffe6689c000 	C:\Program Files\Android\Android Studio\jbr\bin\vcruntime140_1.dll
0x00007ffe44b70000 - 0x00007ffe44bfd000 	C:\Program Files\Android\Android Studio\jbr\bin\msvcp140.dll
0x00007ffe3d010000 - 0x00007ffe3dc7e000 	C:\Program Files\Android\Android Studio\jbr\bin\server\jvm.dll
0x00007ffe77d90000 - 0x00007ffe77e40000 	C:\WINDOWS\System32\ADVAPI32.dll
0x00007ffe788d0000 - 0x00007ffe78970000 	C:\WINDOWS\System32\sechost.dll
0x00007ffe77ed0000 - 0x00007ffe77ff3000 	C:\WINDOWS\System32\RPCRT4.dll
0x00007ffe77ab0000 - 0x00007ffe77ad7000 	C:\WINDOWS\System32\bcrypt.dll
0x00007ffe6d0d0000 - 0x00007ffe6d0f7000 	C:\WINDOWS\SYSTEM32\WINMM.dll
0x00007ffe12ad0000 - 0x00007ffe12ad9000 	C:\WINDOWS\SYSTEM32\WSOCK32.dll
0x00007ffe6ccb0000 - 0x00007ffe6ccba000 	C:\WINDOWS\SYSTEM32\VERSION.dll
0x00007ffe78860000 - 0x00007ffe788cb000 	C:\WINDOWS\System32\WS2_32.dll
0x00007ffe74fd0000 - 0x00007ffe74fe2000 	C:\WINDOWS\SYSTEM32\kernel.appcore.dll
0x00007ffe72470000 - 0x00007ffe7247a000 	C:\Program Files\Android\Android Studio\jbr\bin\jimage.dll
0x00007ffe747a0000 - 0x00007ffe74984000 	C:\WINDOWS\SYSTEM32\DBGHELP.DLL
0x00007ffe72610000 - 0x00007ffe72644000 	C:\WINDOWS\SYSTEM32\dbgcore.DLL
0x00007ffe77330000 - 0x00007ffe773b2000 	C:\WINDOWS\System32\bcryptPrimitives.dll
0x00007ffe723f0000 - 0x00007ffe72415000 	C:\Program Files\Android\Android Studio\jbr\bin\java.dll

dbghelp: loaded successfully - version: 4.0.5 - missing functions: none
symbol engine: initialized successfully - sym options: 0x614 - pdb path: .;C:\Program Files\Android\Android Studio\jbr\bin;C:\WINDOWS\SYSTEM32;C:\WINDOWS\WinSxS\amd64_microsoft.windows.common-controls_6595b64144ccf1df_6.0.19041.3636_none_60b6a03d71f818d5;C:\Program Files\Android\Android Studio\jbr\bin\server

VM Arguments:
java_command: org.jetbrains.kotlin.cli.jvm.K2JVMCompiler @C:\Users\user\AndroidStudioProjects\plant\app\build\20240521_15737358026918010668.compiler.options
java_class_path (initial): C:\Users\user\.gradle\caches\modules-2\files-2.1\org.jetbrains.kotlin\kotlin-compiler-embeddable\1.9.0\2c8c3a7402becca891f12739b3e9fd2dc2adbd7a\kotlin-compiler-embeddable-1.9.0.jar;C:\Users\user\.gradle\caches\modules-2\files-2.1\org.jetbrains.kotlin\kotlin-stdlib\1.9.0\8ee15ef0c67dc83d874f412d84378d7f0eb50b63\kotlin-stdlib-1.9.0.jar;C:\Users\user\.gradle\caches\modules-2\files-2.1\org.jetbrains.kotlin\kotlin-script-runtime\1.9.0\4b3102cbbb7e1b58d9d1adf89563f00069ffa7d1\kotlin-script-runtime-1.9.0.jar;C:\Users\user\.gradle\caches\modules-2\files-2.1\org.jetbrains.kotlin\kotlin-reflect\1.6.10\1cbe9c92c12a94eea200d23c2bbaedaf3daf5132\kotlin-reflect-1.6.10.jar;C:\Users\user\.gradle\caches\modules-2\files-2.1\org.jetbrains.kotlin\kotlin-daemon-embeddable\1.9.0\186543f5e28cf8d9a0290fecc2cf34301c40a65c\kotlin-daemon-embeddable-1.9.0.jar;C:\Users\user\.gradle\caches\modules-2\files-2.1\org.jetbrains.intellij.deps\trove4j\1.0.20200330\3afb14d5f9ceb459d724e907a21145e8ff394f02\trove4j-1.0.20200330.jar;C:\Users\user\.gradle\caches\modules-2\files-2.1\org.jetbrains.kotlin\kotlin-stdlib-common\1.9.0\cd65c21cfd1eec4d44ef09f9f52b6d9f8a720636\kotlin-stdlib-common-1.9.0.jar;C:\Users\user\.gradle\caches\modules-2\files-2.1\org.jetbrains\annotations\13.0\919f0dfe192fb4e063e7dacadee7f8bb9a2672a9\annotations-13.0.jar
Launcher Type: SUN_STANDARD

[Global flags]
     intx CICompilerCount                          = 4                                         {product} {ergonomic}
     uint ConcGCThreads                            = 3                                         {product} {ergonomic}
     uint G1ConcRefinementThreads                  = 10                                        {product} {ergonomic}
   size_t G1HeapRegionSize                         = 2097152                                   {product} {ergonomic}
    uintx GCDrainStackTargetSize                   = 64                                        {product} {ergonomic}
   size_t InitialHeapSize                          = 257949696                                 {product} {ergonomic}
   size_t MarkStackSize                            = 4194304                                   {product} {ergonomic}
   size_t MaxHeapSize                              = 4125097984                                {product} {ergonomic}
   size_t MinHeapDeltaBytes                        = 2097152                                   {product} {ergonomic}
   size_t MinHeapSize                              = 8388608                                   {product} {ergonomic}
    uintx NonNMethodCodeHeapSize                   = 5839372                                {pd product} {ergonomic}
    uintx NonProfiledCodeHeapSize                  = 122909434                              {pd product} {ergonomic}
    uintx ProfiledCodeHeapSize                     = 122909434                              {pd product} {ergonomic}
    uintx ReservedCodeCacheSize                    = 251658240                              {pd product} {ergonomic}
     bool SegmentedCodeCache                       = true                                      {product} {ergonomic}
   size_t SoftMaxHeapSize                          = 4125097984                             {manageable} {ergonomic}
     bool UseCompressedClassPointers               = true                           {product lp64_product} {ergonomic}
     bool UseCompressedOops                        = true                           {product lp64_product} {ergonomic}
     bool UseG1GC                                  = true                                      {product} {ergonomic}
     bool UseLargePagesIndividualAllocation        = false                                  {pd product} {ergonomic}

Logging:
Log output configuration:
 #0: stdout all=warning uptime,level,tags
 #1: stderr all=off uptime,level,tags

Environment Variables:
JAVA_HOME=C:\Program Files\Android\Android Studio\jbr
PATH=C:\VMmare\bin\;C:\WINDOWS\system32;C:\WINDOWS;C:\WINDOWS\System32\Wbem;C:\WINDOWS\System32\WindowsPowerShell\v1.0\;C:\WINDOWS\System32\OpenSSH\;C:\Program Files\NVIDIA Corporation\NVIDIA NvDLISR;C:\Program Files (x86)\NVIDIA Corporation\PhysX\Common;C:\Program Files\nodejs\;C:\Program Files\Android\Android Studio\jbr\bin;C:\Program Files\Git\cmd;C:\Program Files (x86)\Windows Kits\10\Windows Performance Toolkit\;C:\Program Files\MySQL\MySQL Server 8.0\bin;C:\xampp\mysql\bin\;C:\Users\user\AppData\Local\Programs\Python\Python311\Scripts\;C:\Users\user\AppData\Local\Programs\Python\Python311\;C:\Users\user\AppData\Local\Microsoft\WindowsApps;C:\Users\user\AppData\Roaming\npm;C:\Program Files\Android\Android Studio\jbr\bin;C:\Users\user\AppData\Local\Android\Sdk\platform-tools;C:\Users\user\AppData\Local\Android\Sdk\emulator;C:\flutter\bin
USERNAME=user
OS=Windows_NT
PROCESSOR_IDENTIFIER=AMD64 Family 25 Model 80 Stepping 0, AuthenticAMD
TMP=C:\Users\user\AppData\Local\Temp
TEMP=C:\Users\user\AppData\Local\Temp


JNI global refs:

[error occurred during error reporting (JNI global references), id 0xc0000005, EXCEPTION_ACCESS_VIOLATION (0xc0000005) at pc=0x00007ffe3d0c7a10]


---------------  S Y S T E M  ---------------

OS:
 Windows 10 , 64 bit Build 19041 (10.0.19041.3636)
OS uptime: 1 days 6:10 hours

CPU: total 12 (initial active 12) (12 cores per cpu, 2 threads per core) family 25 model 80 stepping 0 microcode 0x0, cx8, cmov, fxsr, ht, mmx, 3dnowpref, sse, sse2, sse3, ssse3, sse4a, sse4.1, sse4.2, popcnt, lzcnt, tsc, tscinvbit, avx, avx2, aes, erms, clmul, bmi1, bmi2, adx, sha, fma, vzeroupper, clflush, clflushopt

Memory: 4k page, system-wide physical 15734M (3073M free)
TotalPageFile size 21581M (AvailPageFile size 194M)
current process WorkingSet (physical memory assigned to process): 10M, peak: 10M
current process commit charge ("private bytes"): 64M, peak: 310M

vm_info: OpenJDK 64-Bit Server VM (17.0.6+0-b2043.56-10027231) for windows-amd64 JRE (17.0.6+0-b2043.56-10027231), built on Apr 28 2023 00:43:19 by "androidbuild" with MS VC++ 16.10 / 16.11 (VS2019)

END.
