#
# A fatal error has been detected by the Java Runtime Environment:
#
#  EXCEPTION_UNCAUGHT_CXX_EXCEPTION (0xe06d7363) at pc=0x00007ffa9f7eab89, pid=9224, tid=15444
#
# JRE version: OpenJDK Runtime Environment (17.0.6) (build 17.0.6+0-b2043.56-10027231)
# Java VM: OpenJDK 64-Bit Server VM (17.0.6+0-b2043.56-10027231, mixed mode, tiered, compressed oops, compressed class ptrs, g1 gc, windows-amd64)
# Problematic frame:
# C  [KERNELBASE.dll+0x2ab89]
#
# No core dump will be written. Minidumps are not enabled by default on client versions of Windows
#
# If you would like to submit a bug report, please visit:
#   https://bugreport.java.com/bugreport/crash.jsp
#

---------------  S U M M A R Y ------------

Command Line: org.jetbrains.kotlin.cli.jvm.K2JVMCompiler @C:\Users\user\AndroidStudioProjects\plant\app\build\20240509_4262470048149606644.compiler.options

Host: AMD Ryzen 5 5600H with Radeon Graphics         , 12 cores, 15G,  Windows 10 , 64 bit Build 19041 (10.0.19041.3636)
Time: Thu May  9 16:14:00 2024  Windows 10 , 64 bit Build 19041 (10.0.19041.3636) elapsed time: 0.075784 seconds (0d 0h 0m 0s)

---------------  T H R E A D  ---------------

Current thread (0x000001e675ef27f0):  JavaThread "main" [_thread_in_vm, id=15444, stack(0x00000021e3000000,0x00000021e3100000)]

Stack: [0x00000021e3000000,0x00000021e3100000],  sp=0x00000021e30fe0e0,  free space=1016k
Native frames: (J=compiled Java code, j=interpreted, Vv=VM code, C=native code)
C  [KERNELBASE.dll+0x2ab89]
C  [VCRUNTIME140.dll+0x6480]
C  [jimage.dll+0x32a3]
C  [jimage.dll+0x2a1d]
C  [jimage.dll+0x145b]
C  [jimage.dll+0x1e9f]
C  [jimage.dll+0x1f36]
C  [jimage.dll+0x266e]
V  [jvm.dll+0x1f5b4d]
V  [jvm.dll+0x1f4682]
V  [jvm.dll+0x7bc7cb]
V  [jvm.dll+0x7bdc12]
V  [jvm.dll+0x7bdf48]
V  [jvm.dll+0x24190e]
V  [jvm.dll+0x241b5f]
V  [jvm.dll+0x565ef8]
V  [jvm.dll+0x568e37]
V  [jvm.dll+0x3883a4]
V  [jvm.dll+0x387a0f]
C  0x000001e60754a519

Java frames: (J=compiled Java code, j=interpreted, Vv=VM code)
j  java.lang.System.initPhase2(ZZ)I+0 java.base
v  ~StubRoutines::call_stub

siginfo: EXCEPTION_UNCAUGHT_CXX_EXCEPTION (0xe06d7363), ExceptionInformation=0x0000000019930520 0x00000021e30fe240 0x00007ffa846b5198 0x00007ffa846b0000 


Register to memory mapping:

RIP=0x00007ffa9f7eab89 KERNELBASE.dll
RAX=0x000001e675ef30a8 points into unknown readable memory: 0x10048bc405b3ba39 | 39 ba b3 05 c4 8b 04 10
RBX=0x00007ffa846b5198 jimage.dll
RCX=0x000001e675ef27f0 is a thread
RDX=0x000001e675ef27f0 is a thread
RSP=0x00000021e30fe0e0 is pointing into the stack for thread: 0x000001e675ef27f0
RBP=0x00000021e30fe370 is pointing into the stack for thread: 0x000001e675ef27f0
RSI=0x00000021e30fe240 is pointing into the stack for thread: 0x000001e675ef27f0
RDI=0x0000000019930520 is an unknown value
R8 =0x00007ffa4ef954f0 jvm.dll
R9 =0x00000021e30fda68 is pointing into the stack for thread: 0x000001e675ef27f0
R10=0x000001e675ef27f0 is a thread
R11=0x00000021e30fda30 is pointing into the stack for thread: 0x000001e675ef27f0
R12=0x00000000000067e7 is an unknown value
R13=0x000001e675ef2cd0 points into unknown readable memory: 0x65746e692f6b646a | 6a 64 6b 2f 69 6e 74 65
R14=0x000001e615925c60 points into unknown readable memory: 0x33da0233e20033ea | ea 33 00 e2 33 02 da 33
R15=0x000001e615925c60 points into unknown readable memory: 0x33da0233e20033ea | ea 33 00 e2 33 02 da 33


Registers:
RAX=0x000001e675ef30a8, RBX=0x00007ffa846b5198, RCX=0x000001e675ef27f0, RDX=0x000001e675ef27f0
RSP=0x00000021e30fe0e0, RBP=0x00000021e30fe370, RSI=0x00000021e30fe240, RDI=0x0000000019930520
R8 =0x00007ffa4ef954f0, R9 =0x00000021e30fda68, R10=0x000001e675ef27f0, R11=0x00000021e30fda30
R12=0x00000000000067e7, R13=0x000001e675ef2cd0, R14=0x000001e615925c60, R15=0x000001e615925c60
RIP=0x00007ffa9f7eab89, EFLAGS=0x0000000000000202

Top of Stack: (sp=0x00000021e30fe0e0)
0x00000021e30fe0e0:   000001e673c50000 00007ffa846b5198
0x00000021e30fe0f0:   00000021e30fe240 0000000000000000
0x00000021e30fe100:   00000001e06d7363 0000000000000000
0x00000021e30fe110:   00007ffa9f7eab89 000001e600000004
0x00000021e30fe120:   0000000019930520 00000021e30fe240
0x00000021e30fe130:   00007ffa846b5198 00007ffa846b0000
0x00000021e30fe140:   000001e675ef2cd0 00000000000067e7
0x00000021e30fe150:   00000021e30fe240 00000021e30fe370
0x00000021e30fe160:   00000021e30fe1e0 00007ffaa1ac4a5f
0x00000021e30fe170:   0000000019930520 00007ffa00000000
0x00000021e30fe180:   0000000000000030 00007ffaa1ae07c0
0x00000021e30fe190:   00007ffa846b7000 00007ffa846b0000
0x00000021e30fe1a0:   0000fea8d886bdca 00007ffa9f81aa5b
0x00000021e30fe1b0:   00007ffa846b5198 00007ffa7a5c6480
0x00000021e30fe1c0:   000050204f837e52 00000000e415475d
0x00000021e30fe1d0:   0000000000000008 00007ffa9f5739ce 

Instructions: (pc=0x00007ffa9f7eab89)
0x00007ffa9f7eaa89:   09 00 48 8b 84 24 b8 00 00 00 48 8b 8c 24 b0 05
0x00007ffa9f7eaa99:   00 00 48 33 cc e8 2d ab 06 00 48 81 c4 c0 05 00
0x00007ffa9f7eaaa9:   00 41 5f 41 5e 41 5d 5e 5b c3 cc 48 ff 15 6d a4
0x00007ffa9f7eaab9:   1b 00 0f 1f 44 00 00 eb b0 cc cc cc cc cc cc cc
0x00007ffa9f7eaac9:   cc cc cc cc cc cc cc 40 53 48 83 ec 30 48 8b d1
0x00007ffa9f7eaad9:   48 8d 4c 24 20 e8 5d 23 00 00 85 c0 74 26 48 8b
0x00007ffa9f7eaae9:   4c 24 28 e8 ef 38 00 00 48 8d 4c 24 20 8b d8 48
0x00007ffa9f7eaaf9:   ff 15 71 9e 1b 00 0f 1f 44 00 00 8b c3 48 83 c4
0x00007ffa9f7eab09:   30 5b c3 cc 83 c8 ff eb f4 cc cc cc cc cc cc cc
0x00007ffa9f7eab19:   cc cc cc cc cc cc cc 48 81 ec d8 00 00 00 48 8b
0x00007ffa9f7eab29:   05 72 c3 28 00 48 33 c4 48 89 84 24 c0 00 00 00
0x00007ffa9f7eab39:   48 83 64 24 28 00 48 8d 05 da ff ff ff 83 e2 01
0x00007ffa9f7eab49:   89 4c 24 20 89 54 24 24 48 89 44 24 30 4d 85 c9
0x00007ffa9f7eab59:   74 4c b8 0f 00 00 00 48 8d 4c 24 40 44 3b c0 49
0x00007ffa9f7eab69:   8b d1 44 0f 47 c0 44 89 44 24 38 49 c1 e0 03 e8
0x00007ffa9f7eab79:   ba bf 08 00 48 8d 4c 24 20 48 ff 15 bf a5 1b 00
0x00007ffa9f7eab89:   0f 1f 44 00 00 48 8b 8c 24 c0 00 00 00 48 33 cc
0x00007ffa9f7eab99:   e8 32 aa 06 00 48 81 c4 d8 00 00 00 c3 cc 83 64
0x00007ffa9f7eaba9:   24 38 00 eb cf cc cc cc cc cc cc cc cc cc cc cc
0x00007ffa9f7eabb9:   cc cc cc cc cc cc cc 65 48 8b 04 25 30 00 00 00
0x00007ffa9f7eabc9:   8b 40 68 c3 cc cc cc cc cc cc cc cc cc cc cc cc
0x00007ffa9f7eabd9:   cc cc cc cc cc cc cc 48 89 5c 24 10 48 89 74 24
0x00007ffa9f7eabe9:   18 57 41 54 41 55 41 56 41 57 48 81 ec b0 02 00
0x00007ffa9f7eabf9:   00 48 8b 05 9f c2 28 00 48 33 c4 48 89 84 24 a0
0x00007ffa9f7eac09:   02 00 00 48 8d 15 af 09 1c 00 48 85 c9 48 0f 45
0x00007ffa9f7eac19:   d1 48 89 94 24 80 00 00 00 48 83 c8 ff 48 ff c0
0x00007ffa9f7eac29:   80 3c 02 00 75 f7 48 ff c0 48 89 84 24 88 00 00
0x00007ffa9f7eac39:   00 48 89 94 24 90 00 00 00 4c 8d 8c 24 88 00 00
0x00007ffa9f7eac49:   00 33 d2 b9 06 00 01 40 44 8d 42 02 e8 c6 fe ff
0x00007ffa9f7eac59:   ff e9 f0 01 00 00 33 f6 48 89 74 24 60 45 33 ff
0x00007ffa9f7eac69:   4c 89 7c 24 48 45 33 f6 4c 89 74 24 58 33 ff 48
0x00007ffa9f7eac79:   89 7c 24 50 e8 3e ff ff ff 89 44 24 40 48 39 35 


Stack slot to memory mapping:
stack at sp + 0 slots: 0x000001e673c50000 points into unknown readable memory: 0x0000000000000000 | 00 00 00 00 00 00 00 00
stack at sp + 1 slots: 0x00007ffa846b5198 jimage.dll
stack at sp + 2 slots: 0x00000021e30fe240 is pointing into the stack for thread: 0x000001e675ef27f0
stack at sp + 3 slots: 0x0 is NULL
stack at sp + 4 slots: 0x00000001e06d7363 is an unknown value
stack at sp + 5 slots: 0x0 is NULL
stack at sp + 6 slots: 0x00007ffa9f7eab89 KERNELBASE.dll
stack at sp + 7 slots: 0x000001e600000004 points into unknown readable memory: 00 00 00 00


---------------  P R O C E S S  ---------------

Threads class SMR info:
_java_thread_list=0x000001e6158716e0, length=10, elements={
0x000001e675ef27f0, 0x000001e615862260, 0x000001e615862ed0, 0x000001e61584e1c0,
0x000001e61587b480, 0x000001e61587bd40, 0x000001e61587c6f0, 0x000001e61587e110,
0x000001e61587eb00, 0x000001e6158c8010
}

Java Threads: ( => current thread )
=>0x000001e675ef27f0 JavaThread "main" [_thread_in_vm, id=15444, stack(0x00000021e3000000,0x00000021e3100000)]
  0x000001e615862260 JavaThread "Reference Handler" daemon [_thread_blocked, id=12664, stack(0x00000021e3700000,0x00000021e3800000)]
  0x000001e615862ed0 JavaThread "Finalizer" daemon [_thread_blocked, id=14080, stack(0x00000021e3800000,0x00000021e3900000)]
  0x000001e61584e1c0 JavaThread "Signal Dispatcher" daemon [_thread_blocked, id=9984, stack(0x00000021e3900000,0x00000021e3a00000)]
  0x000001e61587b480 JavaThread "Attach Listener" daemon [_thread_blocked, id=1604, stack(0x00000021e3a00000,0x00000021e3b00000)]
  0x000001e61587bd40 JavaThread "Service Thread" daemon [_thread_blocked, id=12724, stack(0x00000021e3b00000,0x00000021e3c00000)]
  0x000001e61587c6f0 JavaThread "Monitor Deflation Thread" daemon [_thread_blocked, id=12272, stack(0x00000021e3c00000,0x00000021e3d00000)]
  0x000001e61587e110 JavaThread "C2 CompilerThread0" daemon [_thread_blocked, id=11144, stack(0x00000021e3d00000,0x00000021e3e00000)]
  0x000001e61587eb00 JavaThread "C1 CompilerThread0" daemon [_thread_blocked, id=15664, stack(0x00000021e3e00000,0x00000021e3f00000)]
  0x000001e6158c8010 JavaThread "Sweeper thread" daemon [_thread_blocked, id=8340, stack(0x00000021e3f00000,0x00000021e4000000)]

Other Threads:
  0x000001e67fa44b20 VMThread "VM Thread" [stack: 0x00000021e3600000,0x00000021e3700000] [id=14184]
  0x000001e675f5cbd0 GCTaskThread "GC Thread#0" [stack: 0x00000021e3100000,0x00000021e3200000] [id=13840]
  0x000001e675f6d0e0 ConcurrentGCThread "G1 Main Marker" [stack: 0x00000021e3200000,0x00000021e3300000] [id=3176]
  0x000001e675f6e290 ConcurrentGCThread "G1 Conc#0" [stack: 0x00000021e3300000,0x00000021e3400000] [id=15876]
  0x000001e675fbe100 ConcurrentGCThread "G1 Refine#0" [stack: 0x00000021e3400000,0x00000021e3500000] [id=3152]
  0x000001e675fbea20 ConcurrentGCThread "G1 Service" [stack: 0x00000021e3500000,0x00000021e3600000] [id=16176]

Threads with active compile tasks:

VM state: not at safepoint (normal execution)

VM Mutex/Monitor currently owned by a thread: None

Heap address: 0x000000070a200000, size: 3934 MB, Compressed Oops mode: Zero based, Oop shift amount: 3

CDS archive(s) not mapped
Compressed class space mapped at: 0x0000000800000000-0x0000000840000000, reserved size: 1073741824
Narrow klass base: 0x0000000800000000, Narrow klass shift: 0, Narrow klass range: 0x40000000

GC Precious Log:
 CPUs: 12 total, 12 available
 Memory: 15734M
 Large Page Support: Disabled
 NUMA Support: Disabled
 Compressed Oops: Enabled (Zero based)
 Heap Region Size: 2M
 Heap Min Capacity: 8M
 Heap Initial Capacity: 246M
 Heap Max Capacity: 3934M
 Pre-touch: Disabled
 Parallel Workers: 10
 Concurrent Workers: 3
 Concurrent Refinement Workers: 10
 Periodic GC: Disabled

Heap:
 garbage-first heap   total 251904K, used 0K [0x000000070a200000, 0x0000000800000000)
  region size 2048K, 1 young (2048K), 0 survivors (0K)
 Metaspace       used 2874K, committed 2944K, reserved 1056768K
  class space    used 226K, committed 256K, reserved 1048576K

Heap Regions: E=young(eden), S=young(survivor), O=old, HS=humongous(starts), HC=humongous(continues), CS=collection set, F=free, OA=open archive, CA=closed archive, TAMS=top-at-mark-start (previous, next)
|   0|0x000000070a200000, 0x000000070a200000, 0x000000070a400000|  0%| F|  |TAMS 0x000000070a200000, 0x000000070a200000| Untracked 
|   1|0x000000070a400000, 0x000000070a400000, 0x000000070a600000|  0%| F|  |TAMS 0x000000070a400000, 0x000000070a400000| Untracked 
|   2|0x000000070a600000, 0x000000070a600000, 0x000000070a800000|  0%| F|  |TAMS 0x000000070a600000, 0x000000070a600000| Untracked 
|   3|0x000000070a800000, 0x000000070a800000, 0x000000070aa00000|  0%| F|  |TAMS 0x000000070a800000, 0x000000070a800000| Untracked 
|   4|0x000000070aa00000, 0x000000070aa00000, 0x000000070ac00000|  0%| F|  |TAMS 0x000000070aa00000, 0x000000070aa00000| Untracked 
|   5|0x000000070ac00000, 0x000000070ac00000, 0x000000070ae00000|  0%| F|  |TAMS 0x000000070ac00000, 0x000000070ac00000| Untracked 
|   6|0x000000070ae00000, 0x000000070ae00000, 0x000000070b000000|  0%| F|  |TAMS 0x000000070ae00000, 0x000000070ae00000| Untracked 
|   7|0x000000070b000000, 0x000000070b000000, 0x000000070b200000|  0%| F|  |TAMS 0x000000070b000000, 0x000000070b000000| Untracked 
|   8|0x000000070b200000, 0x000000070b200000, 0x000000070b400000|  0%| F|  |TAMS 0x000000070b200000, 0x000000070b200000| Untracked 
|   9|0x000000070b400000, 0x000000070b400000, 0x000000070b600000|  0%| F|  |TAMS 0x000000070b400000, 0x000000070b400000| Untracked 
|  10|0x000000070b600000, 0x000000070b600000, 0x000000070b800000|  0%| F|  |TAMS 0x000000070b600000, 0x000000070b600000| Untracked 
|  11|0x000000070b800000, 0x000000070b800000, 0x000000070ba00000|  0%| F|  |TAMS 0x000000070b800000, 0x000000070b800000| Untracked 
|  12|0x000000070ba00000, 0x000000070ba00000, 0x000000070bc00000|  0%| F|  |TAMS 0x000000070ba00000, 0x000000070ba00000| Untracked 
|  13|0x000000070bc00000, 0x000000070bc00000, 0x000000070be00000|  0%| F|  |TAMS 0x000000070bc00000, 0x000000070bc00000| Untracked 
|  14|0x000000070be00000, 0x000000070be00000, 0x000000070c000000|  0%| F|  |TAMS 0x000000070be00000, 0x000000070be00000| Untracked 
|  15|0x000000070c000000, 0x000000070c000000, 0x000000070c200000|  0%| F|  |TAMS 0x000000070c000000, 0x000000070c000000| Untracked 
|  16|0x000000070c200000, 0x000000070c200000, 0x000000070c400000|  0%| F|  |TAMS 0x000000070c200000, 0x000000070c200000| Untracked 
|  17|0x000000070c400000, 0x000000070c400000, 0x000000070c600000|  0%| F|  |TAMS 0x000000070c400000, 0x000000070c400000| Untracked 
|  18|0x000000070c600000, 0x000000070c600000, 0x000000070c800000|  0%| F|  |TAMS 0x000000070c600000, 0x000000070c600000| Untracked 
|  19|0x000000070c800000, 0x000000070c800000, 0x000000070ca00000|  0%| F|  |TAMS 0x000000070c800000, 0x000000070c800000| Untracked 
|  20|0x000000070ca00000, 0x000000070ca00000, 0x000000070cc00000|  0%| F|  |TAMS 0x000000070ca00000, 0x000000070ca00000| Untracked 
|  21|0x000000070cc00000, 0x000000070cc00000, 0x000000070ce00000|  0%| F|  |TAMS 0x000000070cc00000, 0x000000070cc00000| Untracked 
|  22|0x000000070ce00000, 0x000000070ce00000, 0x000000070d000000|  0%| F|  |TAMS 0x000000070ce00000, 0x000000070ce00000| Untracked 
|  23|0x000000070d000000, 0x000000070d000000, 0x000000070d200000|  0%| F|  |TAMS 0x000000070d000000, 0x000000070d000000| Untracked 
|  24|0x000000070d200000, 0x000000070d200000, 0x000000070d400000|  0%| F|  |TAMS 0x000000070d200000, 0x000000070d200000| Untracked 
|  25|0x000000070d400000, 0x000000070d400000, 0x000000070d600000|  0%| F|  |TAMS 0x000000070d400000, 0x000000070d400000| Untracked 
|  26|0x000000070d600000, 0x000000070d600000, 0x000000070d800000|  0%| F|  |TAMS 0x000000070d600000, 0x000000070d600000| Untracked 
|  27|0x000000070d800000, 0x000000070d800000, 0x000000070da00000|  0%| F|  |TAMS 0x000000070d800000, 0x000000070d800000| Untracked 
|  28|0x000000070da00000, 0x000000070da00000, 0x000000070dc00000|  0%| F|  |TAMS 0x000000070da00000, 0x000000070da00000| Untracked 
|  29|0x000000070dc00000, 0x000000070dc00000, 0x000000070de00000|  0%| F|  |TAMS 0x000000070dc00000, 0x000000070dc00000| Untracked 
|  30|0x000000070de00000, 0x000000070de00000, 0x000000070e000000|  0%| F|  |TAMS 0x000000070de00000, 0x000000070de00000| Untracked 
|  31|0x000000070e000000, 0x000000070e000000, 0x000000070e200000|  0%| F|  |TAMS 0x000000070e000000, 0x000000070e000000| Untracked 
|  32|0x000000070e200000, 0x000000070e200000, 0x000000070e400000|  0%| F|  |TAMS 0x000000070e200000, 0x000000070e200000| Untracked 
|  33|0x000000070e400000, 0x000000070e400000, 0x000000070e600000|  0%| F|  |TAMS 0x000000070e400000, 0x000000070e400000| Untracked 
|  34|0x000000070e600000, 0x000000070e600000, 0x000000070e800000|  0%| F|  |TAMS 0x000000070e600000, 0x000000070e600000| Untracked 
|  35|0x000000070e800000, 0x000000070e800000, 0x000000070ea00000|  0%| F|  |TAMS 0x000000070e800000, 0x000000070e800000| Untracked 
|  36|0x000000070ea00000, 0x000000070ea00000, 0x000000070ec00000|  0%| F|  |TAMS 0x000000070ea00000, 0x000000070ea00000| Untracked 
|  37|0x000000070ec00000, 0x000000070ec00000, 0x000000070ee00000|  0%| F|  |TAMS 0x000000070ec00000, 0x000000070ec00000| Untracked 
|  38|0x000000070ee00000, 0x000000070ee00000, 0x000000070f000000|  0%| F|  |TAMS 0x000000070ee00000, 0x000000070ee00000| Untracked 
|  39|0x000000070f000000, 0x000000070f000000, 0x000000070f200000|  0%| F|  |TAMS 0x000000070f000000, 0x000000070f000000| Untracked 
|  40|0x000000070f200000, 0x000000070f200000, 0x000000070f400000|  0%| F|  |TAMS 0x000000070f200000, 0x000000070f200000| Untracked 
|  41|0x000000070f400000, 0x000000070f400000, 0x000000070f600000|  0%| F|  |TAMS 0x000000070f400000, 0x000000070f400000| Untracked 
|  42|0x000000070f600000, 0x000000070f600000, 0x000000070f800000|  0%| F|  |TAMS 0x000000070f600000, 0x000000070f600000| Untracked 
|  43|0x000000070f800000, 0x000000070f800000, 0x000000070fa00000|  0%| F|  |TAMS 0x000000070f800000, 0x000000070f800000| Untracked 
|  44|0x000000070fa00000, 0x000000070fa00000, 0x000000070fc00000|  0%| F|  |TAMS 0x000000070fa00000, 0x000000070fa00000| Untracked 
|  45|0x000000070fc00000, 0x000000070fc00000, 0x000000070fe00000|  0%| F|  |TAMS 0x000000070fc00000, 0x000000070fc00000| Untracked 
|  46|0x000000070fe00000, 0x000000070fe00000, 0x0000000710000000|  0%| F|  |TAMS 0x000000070fe00000, 0x000000070fe00000| Untracked 
|  47|0x0000000710000000, 0x0000000710000000, 0x0000000710200000|  0%| F|  |TAMS 0x0000000710000000, 0x0000000710000000| Untracked 
|  48|0x0000000710200000, 0x0000000710200000, 0x0000000710400000|  0%| F|  |TAMS 0x0000000710200000, 0x0000000710200000| Untracked 
|  49|0x0000000710400000, 0x0000000710400000, 0x0000000710600000|  0%| F|  |TAMS 0x0000000710400000, 0x0000000710400000| Untracked 
|  50|0x0000000710600000, 0x0000000710600000, 0x0000000710800000|  0%| F|  |TAMS 0x0000000710600000, 0x0000000710600000| Untracked 
|  51|0x0000000710800000, 0x0000000710800000, 0x0000000710a00000|  0%| F|  |TAMS 0x0000000710800000, 0x0000000710800000| Untracked 
|  52|0x0000000710a00000, 0x0000000710a00000, 0x0000000710c00000|  0%| F|  |TAMS 0x0000000710a00000, 0x0000000710a00000| Untracked 
|  53|0x0000000710c00000, 0x0000000710c00000, 0x0000000710e00000|  0%| F|  |TAMS 0x0000000710c00000, 0x0000000710c00000| Untracked 
|  54|0x0000000710e00000, 0x0000000710e00000, 0x0000000711000000|  0%| F|  |TAMS 0x0000000710e00000, 0x0000000710e00000| Untracked 
|  55|0x0000000711000000, 0x0000000711000000, 0x0000000711200000|  0%| F|  |TAMS 0x0000000711000000, 0x0000000711000000| Untracked 
|  56|0x0000000711200000, 0x0000000711200000, 0x0000000711400000|  0%| F|  |TAMS 0x0000000711200000, 0x0000000711200000| Untracked 
|  57|0x0000000711400000, 0x0000000711400000, 0x0000000711600000|  0%| F|  |TAMS 0x0000000711400000, 0x0000000711400000| Untracked 
|  58|0x0000000711600000, 0x0000000711600000, 0x0000000711800000|  0%| F|  |TAMS 0x0000000711600000, 0x0000000711600000| Untracked 
|  59|0x0000000711800000, 0x0000000711800000, 0x0000000711a00000|  0%| F|  |TAMS 0x0000000711800000, 0x0000000711800000| Untracked 
|  60|0x0000000711a00000, 0x0000000711a00000, 0x0000000711c00000|  0%| F|  |TAMS 0x0000000711a00000, 0x0000000711a00000| Untracked 
|  61|0x0000000711c00000, 0x0000000711c00000, 0x0000000711e00000|  0%| F|  |TAMS 0x0000000711c00000, 0x0000000711c00000| Untracked 
|  62|0x0000000711e00000, 0x0000000711e00000, 0x0000000712000000|  0%| F|  |TAMS 0x0000000711e00000, 0x0000000711e00000| Untracked 
|  63|0x0000000712000000, 0x0000000712000000, 0x0000000712200000|  0%| F|  |TAMS 0x0000000712000000, 0x0000000712000000| Untracked 
|  64|0x0000000712200000, 0x0000000712200000, 0x0000000712400000|  0%| F|  |TAMS 0x0000000712200000, 0x0000000712200000| Untracked 
|  65|0x0000000712400000, 0x0000000712400000, 0x0000000712600000|  0%| F|  |TAMS 0x0000000712400000, 0x0000000712400000| Untracked 
|  66|0x0000000712600000, 0x0000000712600000, 0x0000000712800000|  0%| F|  |TAMS 0x0000000712600000, 0x0000000712600000| Untracked 
|  67|0x0000000712800000, 0x0000000712800000, 0x0000000712a00000|  0%| F|  |TAMS 0x0000000712800000, 0x0000000712800000| Untracked 
|  68|0x0000000712a00000, 0x0000000712a00000, 0x0000000712c00000|  0%| F|  |TAMS 0x0000000712a00000, 0x0000000712a00000| Untracked 
|  69|0x0000000712c00000, 0x0000000712c00000, 0x0000000712e00000|  0%| F|  |TAMS 0x0000000712c00000, 0x0000000712c00000| Untracked 
|  70|0x0000000712e00000, 0x0000000712e00000, 0x0000000713000000|  0%| F|  |TAMS 0x0000000712e00000, 0x0000000712e00000| Untracked 
|  71|0x0000000713000000, 0x0000000713000000, 0x0000000713200000|  0%| F|  |TAMS 0x0000000713000000, 0x0000000713000000| Untracked 
|  72|0x0000000713200000, 0x0000000713200000, 0x0000000713400000|  0%| F|  |TAMS 0x0000000713200000, 0x0000000713200000| Untracked 
|  73|0x0000000713400000, 0x0000000713400000, 0x0000000713600000|  0%| F|  |TAMS 0x0000000713400000, 0x0000000713400000| Untracked 
|  74|0x0000000713600000, 0x0000000713600000, 0x0000000713800000|  0%| F|  |TAMS 0x0000000713600000, 0x0000000713600000| Untracked 
|  75|0x0000000713800000, 0x0000000713800000, 0x0000000713a00000|  0%| F|  |TAMS 0x0000000713800000, 0x0000000713800000| Untracked 
|  76|0x0000000713a00000, 0x0000000713a00000, 0x0000000713c00000|  0%| F|  |TAMS 0x0000000713a00000, 0x0000000713a00000| Untracked 
|  77|0x0000000713c00000, 0x0000000713c00000, 0x0000000713e00000|  0%| F|  |TAMS 0x0000000713c00000, 0x0000000713c00000| Untracked 
|  78|0x0000000713e00000, 0x0000000713e00000, 0x0000000714000000|  0%| F|  |TAMS 0x0000000713e00000, 0x0000000713e00000| Untracked 
|  79|0x0000000714000000, 0x0000000714000000, 0x0000000714200000|  0%| F|  |TAMS 0x0000000714000000, 0x0000000714000000| Untracked 
|  80|0x0000000714200000, 0x0000000714200000, 0x0000000714400000|  0%| F|  |TAMS 0x0000000714200000, 0x0000000714200000| Untracked 
|  81|0x0000000714400000, 0x0000000714400000, 0x0000000714600000|  0%| F|  |TAMS 0x0000000714400000, 0x0000000714400000| Untracked 
|  82|0x0000000714600000, 0x0000000714600000, 0x0000000714800000|  0%| F|  |TAMS 0x0000000714600000, 0x0000000714600000| Untracked 
|  83|0x0000000714800000, 0x0000000714800000, 0x0000000714a00000|  0%| F|  |TAMS 0x0000000714800000, 0x0000000714800000| Untracked 
|  84|0x0000000714a00000, 0x0000000714a00000, 0x0000000714c00000|  0%| F|  |TAMS 0x0000000714a00000, 0x0000000714a00000| Untracked 
|  85|0x0000000714c00000, 0x0000000714c00000, 0x0000000714e00000|  0%| F|  |TAMS 0x0000000714c00000, 0x0000000714c00000| Untracked 
|  86|0x0000000714e00000, 0x0000000714e00000, 0x0000000715000000|  0%| F|  |TAMS 0x0000000714e00000, 0x0000000714e00000| Untracked 
|  87|0x0000000715000000, 0x0000000715000000, 0x0000000715200000|  0%| F|  |TAMS 0x0000000715000000, 0x0000000715000000| Untracked 
|  88|0x0000000715200000, 0x0000000715200000, 0x0000000715400000|  0%| F|  |TAMS 0x0000000715200000, 0x0000000715200000| Untracked 
|  89|0x0000000715400000, 0x0000000715400000, 0x0000000715600000|  0%| F|  |TAMS 0x0000000715400000, 0x0000000715400000| Untracked 
|  90|0x0000000715600000, 0x0000000715600000, 0x0000000715800000|  0%| F|  |TAMS 0x0000000715600000, 0x0000000715600000| Untracked 
|  91|0x0000000715800000, 0x0000000715800000, 0x0000000715a00000|  0%| F|  |TAMS 0x0000000715800000, 0x0000000715800000| Untracked 
|  92|0x0000000715a00000, 0x0000000715a00000, 0x0000000715c00000|  0%| F|  |TAMS 0x0000000715a00000, 0x0000000715a00000| Untracked 
|  93|0x0000000715c00000, 0x0000000715c00000, 0x0000000715e00000|  0%| F|  |TAMS 0x0000000715c00000, 0x0000000715c00000| Untracked 
|  94|0x0000000715e00000, 0x0000000715e00000, 0x0000000716000000|  0%| F|  |TAMS 0x0000000715e00000, 0x0000000715e00000| Untracked 
|  95|0x0000000716000000, 0x0000000716000000, 0x0000000716200000|  0%| F|  |TAMS 0x0000000716000000, 0x0000000716000000| Untracked 
|  96|0x0000000716200000, 0x0000000716200000, 0x0000000716400000|  0%| F|  |TAMS 0x0000000716200000, 0x0000000716200000| Untracked 
|  97|0x0000000716400000, 0x0000000716400000, 0x0000000716600000|  0%| F|  |TAMS 0x0000000716400000, 0x0000000716400000| Untracked 
|  98|0x0000000716600000, 0x0000000716600000, 0x0000000716800000|  0%| F|  |TAMS 0x0000000716600000, 0x0000000716600000| Untracked 
|  99|0x0000000716800000, 0x0000000716800000, 0x0000000716a00000|  0%| F|  |TAMS 0x0000000716800000, 0x0000000716800000| Untracked 
| 100|0x0000000716a00000, 0x0000000716a00000, 0x0000000716c00000|  0%| F|  |TAMS 0x0000000716a00000, 0x0000000716a00000| Untracked 
| 101|0x0000000716c00000, 0x0000000716c00000, 0x0000000716e00000|  0%| F|  |TAMS 0x0000000716c00000, 0x0000000716c00000| Untracked 
| 102|0x0000000716e00000, 0x0000000716e00000, 0x0000000717000000|  0%| F|  |TAMS 0x0000000716e00000, 0x0000000716e00000| Untracked 
| 103|0x0000000717000000, 0x0000000717000000, 0x0000000717200000|  0%| F|  |TAMS 0x0000000717000000, 0x0000000717000000| Untracked 
| 104|0x0000000717200000, 0x0000000717200000, 0x0000000717400000|  0%| F|  |TAMS 0x0000000717200000, 0x0000000717200000| Untracked 
| 105|0x0000000717400000, 0x0000000717400000, 0x0000000717600000|  0%| F|  |TAMS 0x0000000717400000, 0x0000000717400000| Untracked 
| 106|0x0000000717600000, 0x0000000717600000, 0x0000000717800000|  0%| F|  |TAMS 0x0000000717600000, 0x0000000717600000| Untracked 
| 107|0x0000000717800000, 0x0000000717800000, 0x0000000717a00000|  0%| F|  |TAMS 0x0000000717800000, 0x0000000717800000| Untracked 
| 108|0x0000000717a00000, 0x0000000717a00000, 0x0000000717c00000|  0%| F|  |TAMS 0x0000000717a00000, 0x0000000717a00000| Untracked 
| 109|0x0000000717c00000, 0x0000000717c00000, 0x0000000717e00000|  0%| F|  |TAMS 0x0000000717c00000, 0x0000000717c00000| Untracked 
| 110|0x0000000717e00000, 0x0000000717e00000, 0x0000000718000000|  0%| F|  |TAMS 0x0000000717e00000, 0x0000000717e00000| Untracked 
| 111|0x0000000718000000, 0x0000000718000000, 0x0000000718200000|  0%| F|  |TAMS 0x0000000718000000, 0x0000000718000000| Untracked 
| 112|0x0000000718200000, 0x0000000718200000, 0x0000000718400000|  0%| F|  |TAMS 0x0000000718200000, 0x0000000718200000| Untracked 
| 113|0x0000000718400000, 0x0000000718400000, 0x0000000718600000|  0%| F|  |TAMS 0x0000000718400000, 0x0000000718400000| Untracked 
| 114|0x0000000718600000, 0x0000000718600000, 0x0000000718800000|  0%| F|  |TAMS 0x0000000718600000, 0x0000000718600000| Untracked 
| 115|0x0000000718800000, 0x0000000718800000, 0x0000000718a00000|  0%| F|  |TAMS 0x0000000718800000, 0x0000000718800000| Untracked 
| 116|0x0000000718a00000, 0x0000000718a00000, 0x0000000718c00000|  0%| F|  |TAMS 0x0000000718a00000, 0x0000000718a00000| Untracked 
| 117|0x0000000718c00000, 0x0000000718c00000, 0x0000000718e00000|  0%| F|  |TAMS 0x0000000718c00000, 0x0000000718c00000| Untracked 
| 118|0x0000000718e00000, 0x0000000718e00000, 0x0000000719000000|  0%| F|  |TAMS 0x0000000718e00000, 0x0000000718e00000| Untracked 
| 119|0x0000000719000000, 0x0000000719000000, 0x0000000719200000|  0%| F|  |TAMS 0x0000000719000000, 0x0000000719000000| Untracked 
| 120|0x0000000719200000, 0x0000000719200000, 0x0000000719400000|  0%| F|  |TAMS 0x0000000719200000, 0x0000000719200000| Untracked 
| 121|0x0000000719400000, 0x0000000719400000, 0x0000000719600000|  0%| F|  |TAMS 0x0000000719400000, 0x0000000719400000| Untracked 
| 122|0x0000000719600000, 0x00000007196e15a8, 0x0000000719800000| 44%| E|  |TAMS 0x0000000719600000, 0x0000000719600000| Complete 

Card table byte_map: [0x000001e67a0c0000,0x000001e67a870000] _byte_map_base: 0x000001e67686f000

Marking Bits (Prev, Next): (CMBitMap*) 0x000001e675f5d1e0, (CMBitMap*) 0x000001e675f5d220
 Prev Bits: [0x000001e67b020000, 0x000001e67ed98000)
 Next Bits: [0x000001e60f000000, 0x000001e612d78000)

Polling page: 0x000001e673e60000

Metaspace:

Usage:
  Non-class:      2.59 MB used.
      Class:    226.84 KB used.
       Both:      2.81 MB used.

Virtual space:
  Non-class space:        8.00 MB reserved,       2.62 MB ( 33%) committed,  1 nodes.
      Class space:        1.00 GB reserved,     256.00 KB ( <1%) committed,  1 nodes.
             Both:        1.01 GB reserved,       2.88 MB ( <1%) committed. 

Chunk freelists:
   Non-Class:  0 bytes
       Class:  3.75 MB
        Both:  3.75 MB

MaxMetaspaceSize: unlimited
CompressedClassSpaceSize: 1.00 GB
Initial GC threshold: 21.00 MB
Current GC threshold: 21.00 MB
CDS: off
MetaspaceReclaimPolicy: balanced
 - commit_granule_bytes: 65536.
 - commit_granule_words: 8192.
 - virtual_space_node_default_size: 1048576.
 - enlarge_chunks_in_place: 1.
 - new_chunks_are_fully_committed: 0.
 - uncommit_free_chunks: 1.
 - use_allocation_guard: 0.
 - handle_deallocations: 1.


Internal statistics:

num_allocs_failed_limit: 0.
num_arena_births: 2.
num_arena_deaths: 0.
num_vsnodes_births: 2.
num_vsnodes_deaths: 0.
num_space_committed: 46.
num_space_uncommitted: 0.
num_chunks_returned_to_freelist: 0.
num_chunks_taken_from_freelist: 3.
num_chunk_merges: 0.
num_chunk_splits: 1.
num_chunks_enlarged: 0.
num_purges: 0.
num_inconsistent_stats: 0.

CodeHeap 'non-profiled nmethods': size=120000Kb used=0Kb max_used=0Kb free=120000Kb
 bounds [0x000001e607ad0000, 0x000001e607d40000, 0x000001e60f000000]
CodeHeap 'profiled nmethods': size=120000Kb used=0Kb max_used=0Kb free=120000Kb
 bounds [0x000001e600000000, 0x000001e600270000, 0x000001e607530000]
CodeHeap 'non-nmethods': size=5760Kb used=1018Kb max_used=1032Kb free=4741Kb
 bounds [0x000001e607530000, 0x000001e6077a0000, 0x000001e607ad0000]
 total_blobs=271 nmethods=0 adapters=185
 compilation: enabled
              stopped_count=0, restarted_count=0
 full_count=0

Compilation events (0 events):
No events

GC Heap History (0 events):
No events

Dll operation events (1 events):
Event: 0.007 Loaded shared library C:\Program Files\Android\Android Studio\jbr\bin\java.dll

Deoptimization events (0 events):
No events

Classes unloaded (0 events):
No events

Classes redefined (0 events):
No events

Internal exceptions (0 events):
No events

VM Operations (0 events):
No events

Events (20 events):
Event: 0.069 loading class java/util/Collections
Event: 0.070 loading class java/util/Collections done
Event: 0.070 loading class java/util/Collections$EmptySet
Event: 0.070 loading class java/util/Collections$EmptySet done
Event: 0.070 loading class java/util/Collections$EmptyList
Event: 0.070 loading class java/util/Collections$EmptyList done
Event: 0.070 loading class java/util/Collections$EmptyMap
Event: 0.070 loading class java/util/Collections$EmptyMap done
Event: 0.070 loading class java/lang/IllegalArgumentException
Event: 0.070 loading class java/lang/IllegalArgumentException done
Event: 0.070 Thread 0x000001e61584e1c0 Thread added: 0x000001e61584e1c0
Event: 0.070 Thread 0x000001e61587b480 Thread added: 0x000001e61587b480
Event: 0.070 Thread 0x000001e61587bd40 Thread added: 0x000001e61587bd40
Event: 0.070 Thread 0x000001e61587c6f0 Thread added: 0x000001e61587c6f0
Event: 0.070 Thread 0x000001e61587e110 Thread added: 0x000001e61587e110
Event: 0.071 Thread 0x000001e61587eb00 Thread added: 0x000001e61587eb00
Event: 0.071 Thread 0x000001e6158c8010 Thread added: 0x000001e6158c8010
Event: 0.071 loading class java/lang/invoke/MethodHandleStatics
Event: 0.071 loading class java/lang/invoke/MethodHandleStatics done
Event: 0.071 loading class jdk/internal/module/ModuleBootstrap


Dynamic libraries:
0x00007ff6a9ed0000 - 0x00007ff6a9eda000 	C:\Program Files\Android\Android Studio\jbr\bin\java.exe
0x00007ffaa1a90000 - 0x00007ffaa1c88000 	C:\WINDOWS\SYSTEM32\ntdll.dll
0x00007ffaa03b0000 - 0x00007ffaa046d000 	C:\WINDOWS\System32\KERNEL32.DLL
0x00007ffa9f7c0000 - 0x00007ffa9fab6000 	C:\WINDOWS\System32\KERNELBASE.dll
0x00007ffa9f570000 - 0x00007ffa9f670000 	C:\WINDOWS\System32\ucrtbase.dll
0x00007ffa4e8a0000 - 0x00007ffa4e8b7000 	C:\Program Files\Android\Android Studio\jbr\bin\jli.dll
0x00007ffa7a5c0000 - 0x00007ffa7a5db000 	C:\Program Files\Android\Android Studio\jbr\bin\VCRUNTIME140.dll
0x00007ffaa1020000 - 0x00007ffaa11bf000 	C:\WINDOWS\System32\USER32.dll
0x00007ffa9f790000 - 0x00007ffa9f7b2000 	C:\WINDOWS\System32\win32u.dll
0x00007ffa86750000 - 0x00007ffa869ea000 	C:\WINDOWS\WinSxS\amd64_microsoft.windows.common-controls_6595b64144ccf1df_6.0.19041.3636_none_60b6a03d71f818d5\COMCTL32.dll
0x00007ffaa1880000 - 0x00007ffaa18ab000 	C:\WINDOWS\System32\GDI32.dll
0x00007ffaa11c0000 - 0x00007ffaa125e000 	C:\WINDOWS\System32\msvcrt.dll
0x00007ffa9f670000 - 0x00007ffa9f787000 	C:\WINDOWS\System32\gdi32full.dll
0x00007ffa9f2a0000 - 0x00007ffa9f33d000 	C:\WINDOWS\System32\msvcp_win.dll
0x00007ffaa0300000 - 0x00007ffaa0332000 	C:\WINDOWS\System32\IMM32.DLL
0x00007ffa97d00000 - 0x00007ffa97d0c000 	C:\Program Files\Android\Android Studio\jbr\bin\vcruntime140_1.dll
0x00007ffa49810000 - 0x00007ffa4989d000 	C:\Program Files\Android\Android Studio\jbr\bin\msvcp140.dll
0x00007ffa4ec20000 - 0x00007ffa4f88e000 	C:\Program Files\Android\Android Studio\jbr\bin\server\jvm.dll
0x00007ffa9fc70000 - 0x00007ffa9fd20000 	C:\WINDOWS\System32\ADVAPI32.dll
0x00007ffaa0730000 - 0x00007ffaa07d0000 	C:\WINDOWS\System32\sechost.dll
0x00007ffaa0480000 - 0x00007ffaa05a3000 	C:\WINDOWS\System32\RPCRT4.dll
0x00007ffa9f3f0000 - 0x00007ffa9f417000 	C:\WINDOWS\System32\bcrypt.dll
0x00007ffa94830000 - 0x00007ffa94857000 	C:\WINDOWS\SYSTEM32\WINMM.dll
0x00007ffa8fd10000 - 0x00007ffa8fd19000 	C:\WINDOWS\SYSTEM32\WSOCK32.dll
0x00007ffa95fd0000 - 0x00007ffa95fda000 	C:\WINDOWS\SYSTEM32\VERSION.dll
0x00007ffaa05b0000 - 0x00007ffaa061b000 	C:\WINDOWS\System32\WS2_32.dll
0x00007ffa9d960000 - 0x00007ffa9d972000 	C:\WINDOWS\SYSTEM32\kernel.appcore.dll
0x00007ffa846b0000 - 0x00007ffa846ba000 	C:\Program Files\Android\Android Studio\jbr\bin\jimage.dll
0x00007ffa9cd70000 - 0x00007ffa9cf54000 	C:\WINDOWS\SYSTEM32\DBGHELP.DLL
0x00007ffa91e40000 - 0x00007ffa91e74000 	C:\WINDOWS\SYSTEM32\dbgcore.DLL
0x00007ffa9f470000 - 0x00007ffa9f4f2000 	C:\WINDOWS\System32\bcryptPrimitives.dll
0x00007ffa52f40000 - 0x00007ffa52f65000 	C:\Program Files\Android\Android Studio\jbr\bin\java.dll
0x00007ffa4fa00000 - 0x00007ffa4fa18000 	C:\Program Files\Android\Android Studio\jbr\bin\zip.dll
0x00007ffaa08b0000 - 0x00007ffaa101b000 	C:\WINDOWS\System32\SHELL32.dll
0x00007ffa9cf60000 - 0x00007ffa9d6fe000 	C:\WINDOWS\SYSTEM32\windows.storage.dll
0x00007ffaa12f0000 - 0x00007ffaa1643000 	C:\WINDOWS\System32\combase.dll
0x00007ffa9eb70000 - 0x00007ffa9eb9e000 	C:\WINDOWS\SYSTEM32\Wldp.dll
0x00007ffa9fdc0000 - 0x00007ffa9fe8d000 	C:\WINDOWS\System32\OLEAUT32.dll
0x00007ffaa1650000 - 0x00007ffaa16fd000 	C:\WINDOWS\System32\SHCORE.dll
0x00007ffaa0350000 - 0x00007ffaa03a5000 	C:\WINDOWS\System32\shlwapi.dll
0x00007ffa9f070000 - 0x00007ffa9f093000 	C:\WINDOWS\SYSTEM32\profapi.dll

dbghelp: loaded successfully - version: 4.0.5 - missing functions: none
symbol engine: initialized successfully - sym options: 0x614 - pdb path: .;C:\Program Files\Android\Android Studio\jbr\bin;C:\WINDOWS\SYSTEM32;C:\WINDOWS\WinSxS\amd64_microsoft.windows.common-controls_6595b64144ccf1df_6.0.19041.3636_none_60b6a03d71f818d5;C:\Program Files\Android\Android Studio\jbr\bin\server

VM Arguments:
java_command: org.jetbrains.kotlin.cli.jvm.K2JVMCompiler @C:\Users\user\AndroidStudioProjects\plant\app\build\20240509_4262470048149606644.compiler.options
java_class_path (initial): C:\Users\user\.gradle\caches\modules-2\files-2.1\org.jetbrains.kotlin\kotlin-compiler-embeddable\1.9.0\2c8c3a7402becca891f12739b3e9fd2dc2adbd7a\kotlin-compiler-embeddable-1.9.0.jar;C:\Users\user\.gradle\caches\modules-2\files-2.1\org.jetbrains.kotlin\kotlin-stdlib\1.9.0\8ee15ef0c67dc83d874f412d84378d7f0eb50b63\kotlin-stdlib-1.9.0.jar;C:\Users\user\.gradle\caches\modules-2\files-2.1\org.jetbrains.kotlin\kotlin-script-runtime\1.9.0\4b3102cbbb7e1b58d9d1adf89563f00069ffa7d1\kotlin-script-runtime-1.9.0.jar;C:\Users\user\.gradle\caches\modules-2\files-2.1\org.jetbrains.kotlin\kotlin-reflect\1.6.10\1cbe9c92c12a94eea200d23c2bbaedaf3daf5132\kotlin-reflect-1.6.10.jar;C:\Users\user\.gradle\caches\modules-2\files-2.1\org.jetbrains.kotlin\kotlin-daemon-embeddable\1.9.0\186543f5e28cf8d9a0290fecc2cf34301c40a65c\kotlin-daemon-embeddable-1.9.0.jar;C:\Users\user\.gradle\caches\modules-2\files-2.1\org.jetbrains.intellij.deps\trove4j\1.0.20200330\3afb14d5f9ceb459d724e907a21145e8ff394f02\trove4j-1.0.20200330.jar;C:\Users\user\.gradle\caches\modules-2\files-2.1\org.jetbrains.kotlin\kotlin-stdlib-common\1.9.0\cd65c21cfd1eec4d44ef09f9f52b6d9f8a720636\kotlin-stdlib-common-1.9.0.jar;C:\Users\user\.gradle\caches\modules-2\files-2.1\org.jetbrains\annotations\13.0\919f0dfe192fb4e063e7dacadee7f8bb9a2672a9\annotations-13.0.jar
Launcher Type: SUN_STANDARD

[Global flags]
     intx CICompilerCount                          = 4                                         {product} {ergonomic}
     uint ConcGCThreads                            = 3                                         {product} {ergonomic}
     uint G1ConcRefinementThreads                  = 10                                        {product} {ergonomic}
   size_t G1HeapRegionSize                         = 2097152                                   {product} {ergonomic}
    uintx GCDrainStackTargetSize                   = 64                                        {product} {ergonomic}
   size_t InitialHeapSize                          = 257949696                                 {product} {ergonomic}
   size_t MarkStackSize                            = 4194304                                   {product} {ergonomic}
   size_t MaxHeapSize                              = 4125097984                                {product} {ergonomic}
   size_t MaxNewSize                               = 2474639360                                {product} {ergonomic}
   size_t MinHeapDeltaBytes                        = 2097152                                   {product} {ergonomic}
   size_t MinHeapSize                              = 8388608                                   {product} {ergonomic}
    uintx NonNMethodCodeHeapSize                   = 5839372                                {pd product} {ergonomic}
    uintx NonProfiledCodeHeapSize                  = 122909434                              {pd product} {ergonomic}
    uintx ProfiledCodeHeapSize                     = 122909434                              {pd product} {ergonomic}
    uintx ReservedCodeCacheSize                    = 251658240                              {pd product} {ergonomic}
     bool SegmentedCodeCache                       = true                                      {product} {ergonomic}
   size_t SoftMaxHeapSize                          = 4125097984                             {manageable} {ergonomic}
     bool UseCompressedClassPointers               = true                           {product lp64_product} {ergonomic}
     bool UseCompressedOops                        = true                           {product lp64_product} {ergonomic}
     bool UseG1GC                                  = true                                      {product} {ergonomic}
     bool UseLargePagesIndividualAllocation        = false                                  {pd product} {ergonomic}

Logging:
Log output configuration:
 #0: stdout all=warning uptime,level,tags
 #1: stderr all=off uptime,level,tags

Environment Variables:
JAVA_HOME=C:\Program Files\Android\Android Studio\jbr
PATH=C:\VMmare\bin\;C:\WINDOWS\system32;C:\WINDOWS;C:\WINDOWS\System32\Wbem;C:\WINDOWS\System32\WindowsPowerShell\v1.0\;C:\WINDOWS\System32\OpenSSH\;C:\Program Files\NVIDIA Corporation\NVIDIA NvDLISR;C:\Program Files (x86)\NVIDIA Corporation\PhysX\Common;C:\Program Files\nodejs\;C:\Program Files\Android\Android Studio\jbr\bin;C:\Program Files\Git\cmd;C:\Program Files (x86)\Windows Kits\10\Windows Performance Toolkit\;C:\Program Files\MySQL\MySQL Server 8.0\bin;C:\xampp\mysql\bin\;C:\Users\user\AppData\Local\Programs\Python\Python311\Scripts\;C:\Users\user\AppData\Local\Programs\Python\Python311\;C:\Users\user\AppData\Local\Microsoft\WindowsApps;C:\Users\user\AppData\Roaming\npm;C:\Program Files\Android\Android Studio\jbr\bin;C:\Users\user\AppData\Local\Android\Sdk\platform-tools;C:\Users\user\AppData\Local\Android\Sdk\emulator;C:\flutter\bin
USERNAME=user
OS=Windows_NT
PROCESSOR_IDENTIFIER=AMD64 Family 25 Model 80 Stepping 0, AuthenticAMD
TMP=C:\Users\user\AppData\Local\Temp
TEMP=C:\Users\user\AppData\Local\Temp


JNI global refs:
JNI global refs: 6, weak refs: 0

JNI global refs memory usage: 843, weak refs: 209


---------------  S Y S T E M  ---------------

OS:
 Windows 10 , 64 bit Build 19041 (10.0.19041.3636)
OS uptime: 0 days 11:22 hours

CPU: total 12 (initial active 12) (12 cores per cpu, 2 threads per core) family 25 model 80 stepping 0 microcode 0x0, cx8, cmov, fxsr, ht, mmx, 3dnowpref, sse, sse2, sse3, ssse3, sse4a, sse4.1, sse4.2, popcnt, lzcnt, tsc, tscinvbit, avx, avx2, aes, erms, clmul, bmi1, bmi2, adx, sha, fma, vzeroupper, clflush, clflushopt

Memory: 4k page, system-wide physical 15734M (3735M free)
TotalPageFile size 21622M (AvailPageFile size 1410M)
current process WorkingSet (physical memory assigned to process): 25M, peak: 25M
current process commit charge ("private bytes"): 327M, peak: 327M

vm_info: OpenJDK 64-Bit Server VM (17.0.6+0-b2043.56-10027231) for windows-amd64 JRE (17.0.6+0-b2043.56-10027231), built on Apr 28 2023 00:43:19 by "androidbuild" with MS VC++ 16.10 / 16.11 (VS2019)

END.
